<component name="libraryTable">
  <library name="junit">
    <CLASSES>
      <root url="jar://$PROJECT_DIR$/../jars/hamcrest-all-1.3.jar!/" />
      <root url="jar://$PROJECT_DIR$/../jars/junit-4.11.jar!/" />
    </CLASSES>
    <JAVADOC />
    <SOURCES />
  </library>
</component>